<?xml version="1.0" encoding="UTF-8"?>
<!-- Generated by org.testng.reporters.JUnitXMLReporter -->
<testsuite ignored="2" hostname="LAPTOP-74EQ5F45" failures="1" tests="1" name="Test" time="6.256" errors="0" timestamp="2026-02-20T15:22:28 IST">
  <testcase classname="testCases.Testcase003_LoginDDT" name="verify_login" time="3.845">
    <failure type="org.testng.internal.reflect.MethodMatcherException" message="
[public void testCases.Testcase003_LoginDDT.verify_login(java.lang.String,java.lang.String,java.lang.String) throws java.lang.InterruptedException] has no parameters defined but was found to be using a data provider (either explicitly specified or inherited from class level annotation).
Data provider mismatch
Method: verify_login([java.lang.String arg0, java.lang.String arg1, java.lang.String arg2])
Arguments: [(java.lang.String) cherry01@gmail.com,(java.lang.String) test123,(java.lang.String) Valid,(java.lang.String) ,(java.lang.String) ,(java.lang.String) ,(java.lang.String) ]">
      <![CDATA[org.testng.internal.reflect.MethodMatcherException: 
[public void testCases.Testcase003_LoginDDT.verify_login(java.lang.String,java.lang.String,java.lang.String) throws java.lang.InterruptedException] has no parameters defined but was found to be using a data provider (either explicitly specified or inherited from class level annotation).
Data provider mismatch
Method: verify_login([java.lang.String arg0, java.lang.String arg1, java.lang.String arg2])
Arguments: [(java.lang.String) cherry01@gmail.com,(java.lang.String) test123,(java.lang.String) Valid,(java.lang.String) ,(java.lang.String) ,(java.lang.String) ,(java.lang.String) ]
at java.base/java.util.ArrayList.forEach(ArrayList.java:1511)
... Removed 22 stack frames]]>
    </failure>
  </testcase> <!-- verify_login -->
  <testcase classname="testCases.Testcase002_loginTest" name="verify_login" time="0.0">
    <ignored/>
  </testcase> <!-- verify_login -->
  <testcase classname="testCases.Testcase001_AccountRegistrationTest" name="verify_account_registration" time="0.0">
    <ignored/>
  </testcase> <!-- verify_account_registration -->
</testsuite> <!-- Test -->
